{"level":"warn","message":"This is a warning"}
{"level":"warn","message":"This is a warning"}
{"level":"warn","message":"This is a warning"}
{"level":"error","message":"This is a warning"}
{"level":"error","message":"Error: 8/10/2023, 7:39:35 PM"}
error: Error: 8/10/2023, 7:50:33 PM
fatal: Logger fatal test: 8/14/2023, 8:21:05 PM
error: Logger error test: 8/14/2023, 8:21:05 PM
warning: Logger warning test: 8/14/2023, 8:21:05 PM
fatal: Logger fatal test: 8/14/2023, 8:22:11 PM
error: Logger error test: 8/14/2023, 8:22:11 PM
warning: Logger warning test: 8/14/2023, 8:22:11 PM
fatal: Logger fatal test: 8/14/2023, 8:22:52 PM
error: Logger error test: 8/14/2023, 8:22:52 PM
warning: Logger warning test: 8/14/2023, 8:22:52 PM
fatal: Logger fatal test: 8/14/2023, 8:24:55 PM
error: Logger error test: 8/14/2023, 8:24:55 PM
warning: Logger warning test: 8/14/2023, 8:24:55 PM
fatal: Logger debug test: 8/14/2023, 8:24:55 PM
fatal: Logger fatal test: 8/14/2023, 8:25:22 PM
error: Logger error test: 8/14/2023, 8:25:22 PM
warning: Logger warning test: 8/14/2023, 8:25:22 PM
fatal: Logger fatal test: 8/14/2023, 8:30:05 PM
error: Logger error test: 8/14/2023, 8:30:05 PM
warn: Logger warning test: 8/14/2023, 8:30:05 PM
pene: Logger fatal test: 8/14/2023, 8:31:16 PM
error: Logger error test: 8/14/2023, 8:31:16 PM
warn: Logger warning test: 8/14/2023, 8:31:16 PM
error: Logger error test: 8/14/2023, 8:32:02 PM
warn: Logger warning test: 8/14/2023, 8:32:02 PM
error: Logger error test: 8/14/2023, 8:35:58 PM
warn: Logger warning test: 8/14/2023, 8:35:58 PM
fatal: Logger fatal test: 8/14/2023, 8:36:22 PM
error: Logger error test: 8/14/2023, 8:36:23 PM
warn: Logger warning test: 8/14/2023, 8:36:23 PM
fatal: Logger fatal test: 8/14/2023, 8:36:27 PM
error: Logger error test: 8/14/2023, 8:36:27 PM
warn: Logger warning test: 8/14/2023, 8:36:27 PM
fatal: Logger fatal test: 8/14/2023, 8:42:02 PM
error: Logger error test: 8/14/2023, 8:42:02 PM
warn: Logger warning test: 8/14/2023, 8:42:02 PM
fatal: Logger fatal test: 8/14/2023, 8:42:28 PM
error: Logger error test: 8/14/2023, 8:42:28 PM
warn: Logger warning test: 8/14/2023, 8:42:28 PM


